2025-04-08 23:41:07.121320 - Received CBT.V508.FILE118.PDS from FILE118.XMI 
2025-04-08 23:41:07.124987 - Found $$$#DATE.txt (text/plain) in CBT.V508.FILE118.PDS, moved to PDS/$$$#DATE
2025-04-08 23:41:07.125737 - Found $$$COB2.txt (text/plain) in CBT.V508.FILE118.PDS, moved to PDS/$$$COB2
2025-04-08 23:41:07.126439 - Found $$$GCRAY.txt (text/plain) in CBT.V508.FILE118.PDS, moved to PDS/$$$GCRAY
2025-04-08 23:41:07.127086 - Found $$$JLAWS.txt (text/plain) in CBT.V508.FILE118.PDS, moved to PDS/$$$JLAWS
2025-04-08 23:41:07.127728 - Found $$DOC.txt (text/plain) in CBT.V508.FILE118.PDS, moved to PDS/$$DOC
2025-04-08 23:41:07.128357 - Found $$NEWASM.txt (text/plain) in CBT.V508.FILE118.PDS, moved to PDS/$$NEWASM
2025-04-08 23:41:07.128964 - Found $$NOTE01.txt (text/plain) in CBT.V508.FILE118.PDS, moved to PDS/$$NOTE01
2025-04-08 23:41:07.129543 - Found $OLDDOC.txt (text/plain) in CBT.V508.FILE118.PDS, moved to PDS/$OLDDOC
2025-04-08 23:41:07.130111 - Found $PUTXDOC.txt (text/plain) in CBT.V508.FILE118.PDS, moved to PDS/$PUTXDOC
2025-04-08 23:41:07.130663 - Found $TITLES.txt (text/plain) in CBT.V508.FILE118.PDS, moved to PDS/$TITLES
2025-04-08 23:41:07.131215 - Found @FILE118.txt (text/plain) in CBT.V508.FILE118.PDS, moved to PDS/@FILE118
2025-04-08 23:41:07.131764 - Found ASMLK100.jcl (text/plain) in CBT.V508.FILE118.PDS, moved to PDS/ASMLK100
2025-04-08 23:41:07.132278 - Found ASMLK98.jcl (text/plain) in CBT.V508.FILE118.PDS, moved to PDS/ASMLK98
2025-04-08 23:41:07.132920 - Found GIMEXPS0.jcl (text/plain) in CBT.V508.FILE118.PDS, moved to PDS/GIMEXPS0
2025-04-08 23:41:07.133452 - Found GIMEXP00.jcl (text/plain) in CBT.V508.FILE118.PDS, moved to PDS/GIMEXP00
2025-04-08 23:41:07.133999 - Found IGYWCL1.jcl (text/plain) in CBT.V508.FILE118.PDS, moved to PDS/IGYWCL1
2025-04-08 23:41:07.134508 - Found IGYWCL2.jcl (text/plain) in CBT.V508.FILE118.PDS, moved to PDS/IGYWCL2
2025-04-08 23:41:07.135180 - Found IGYWCL3.jcl (text/plain) in CBT.V508.FILE118.PDS, moved to PDS/IGYWCL3
2025-04-08 23:41:07.135728 - Found JCLFMIDS.jcl (text/plain) in CBT.V508.FILE118.PDS, moved to PDS/JCLFMIDS
2025-04-08 23:41:07.136276 - Found JCL0.txt (text/plain) in CBT.V508.FILE118.PDS, moved to PDS/JCL0
2025-04-08 23:41:07.136809 - Found JCL1.jcl (text/plain) in CBT.V508.FILE118.PDS, moved to PDS/JCL1
2025-04-08 23:41:07.137407 - Found JCL2.jcl (text/plain) in CBT.V508.FILE118.PDS, moved to PDS/JCL2
2025-04-08 23:41:07.137995 - Found JCL3.jcl (text/plain) in CBT.V508.FILE118.PDS, moved to PDS/JCL3
2025-04-08 23:41:07.138663 - Found OFILE118.txt (text/plain) in CBT.V508.FILE118.PDS, moved to PDS/OFILE118
2025-04-08 23:41:07.139330 - Found PTFSXREF.txt (text/plain) in CBT.V508.FILE118.PDS, moved to PDS/PTFSXREF
2025-04-08 23:41:07.140024 - Found PTSADDS1.jcl (text/plain) in CBT.V508.FILE118.PDS, moved to PDS/PTSADDS1
2025-04-08 23:41:07.140626 - Found PUTSEQS.txt (text/plain) in CBT.V508.FILE118.PDS, moved to PDS/PUTSEQS
2025-04-08 23:41:07.141220 - Found PUTSEQS$.jcl (text/plain) in CBT.V508.FILE118.PDS, moved to PDS/PUTSEQS$
2025-04-08 23:41:07.141802 - Found PUTSEQSJ.jcl (text/plain) in CBT.V508.FILE118.PDS, moved to PDS/PUTSEQSJ
2025-04-08 23:41:07.142501 - Found PUTXREF.txt (text/plain) in CBT.V508.FILE118.PDS, moved to PDS/PUTXREF
2025-04-08 23:41:07.143100 - Found PUTXREF$.jcl (text/plain) in CBT.V508.FILE118.PDS, moved to PDS/PUTXREF$
2025-04-08 23:41:07.143621 - Found PUTXREF#.jcl (text/plain) in CBT.V508.FILE118.PDS, moved to PDS/PUTXREF#
2025-04-08 23:41:07.144125 - Found PUTXREFJ.jcl (text/plain) in CBT.V508.FILE118.PDS, moved to PDS/PUTXREFJ
2025-04-08 23:41:07.144700 - Found PUTXREFO.txt (text/plain) in CBT.V508.FILE118.PDS, moved to PDS/PUTXREFO
2025-04-08 23:41:07.145405 - Found PUTXREFV.txt (text/plain) in CBT.V508.FILE118.PDS, moved to PDS/PUTXREFV
2025-04-08 23:41:07.146030 - Found SAMPLE.txt (text/plain) in CBT.V508.FILE118.PDS, moved to PDS/SAMPLE
2025-04-08 23:41:07.146666 - Found SMPASUPD.txt (text/plain) in CBT.V508.FILE118.PDS, moved to PDS/SMPASUPD
2025-04-08 23:41:07.147233 - Found SMPFMUPD.txt (text/plain) in CBT.V508.FILE118.PDS, moved to PDS/SMPFMUPD
2025-04-08 23:41:07.147849 - Found SMPFMUPV.txt (text/plain) in CBT.V508.FILE118.PDS, moved to PDS/SMPFMUPV
2025-04-08 23:41:07.148400 - Found SMPFMU2D.txt (text/plain) in CBT.V508.FILE118.PDS, moved to PDS/SMPFMU2D
2025-04-08 23:41:07.148995 - Found SMPFMU2V.txt (text/plain) in CBT.V508.FILE118.PDS, moved to PDS/SMPFMU2V
2025-04-08 23:41:07.149602 - Found SMPUPD.txt (text/plain) in CBT.V508.FILE118.PDS, moved to PDS/SMPUPD
2025-04-08 23:41:07.150213 - Found SMPUPDCB.txt (text/plain) in CBT.V508.FILE118.PDS, moved to PDS/SMPUPDCB
2025-04-08 23:41:07.150772 - Found SMPUPDJ.jcl (text/plain) in CBT.V508.FILE118.PDS, moved to PDS/SMPUPDJ
2025-04-08 23:41:07.151422 - Found SMPUPDO.txt (text/plain) in CBT.V508.FILE118.PDS, moved to PDS/SMPUPDO
2025-04-08 23:41:07.152056 - Found SMPUPD2O.txt (text/plain) in CBT.V508.FILE118.PDS, moved to PDS/SMPUPD2O
2025-04-08 23:41:07.152641 - Found TITLES.txt (text/plain) in CBT.V508.FILE118.PDS, moved to PDS/TITLES
2025-04-08 23:41:07.153205 - Found TITLES#.txt (text/plain) in CBT.V508.FILE118.PDS, moved to PDS/TITLES#
